#
# There is insufficient memory for the Java Runtime Environment to continue.
# Native memory allocation (malloc) failed to allocate 1048576 bytes for AllocateHeap
# Possible reasons:
#   The system is out of physical RAM or swap space
#   In 32 bit mode, the process size limit was hit
# Possible solutions:
#   Reduce memory load on the system
#   Increase physical memory or swap space
#   Check if swap backing store is full
#   Use 64 bit Java on a 64 bit OS
#   Decrease Java heap size (-Xmx/-Xms)
#   Decrease number of Java threads
#   Decrease Java thread stack sizes (-Xss)
#   Set larger code cache with -XX:ReservedCodeCacheSize=
# This output file may be truncated or incomplete.
#
#  Out of Memory Error (memory/allocation.inline.hpp:61), pid=5536, tid=6024
#
# JRE version:  (8.0_66-b18) (build )
# Java VM: Java HotSpot(TM) 64-Bit Server VM (25.66-b18 mixed mode windows-amd64 compressed oops)
# Failed to write core dump. Minidumps are not enabled by default on client versions of Windows
#

---------------  T H R E A D  ---------------

Current thread (0x0000000002560800):  JavaThread "Unknown thread" [_thread_in_vm, id=6024, stack(0x0000000002360000,0x0000000002460000)]

Stack: [0x0000000002360000,0x0000000002460000]
[error occurred during error reporting (printing stack bounds), id 0xc0000005]

Native frames: (J=compiled Java code, j=interpreted, Vv=VM code, C=native code)


---------------  P R O C E S S  ---------------

Java Threads: ( => current thread )

Other Threads:

=>0x0000000002560800 (exited) JavaThread "Unknown thread" [_thread_in_vm, id=6024, stack(0x0000000002360000,0x0000000002460000)]

VM state:not at safepoint (normal execution)

VM Mutex/Monitor currently owned by a thread: None

Heap:
 PSYoungGen      total 18432K, used 317K [0x00000000ebf00000, 0x00000000ed380000, 0x0000000100000000)
  eden space 15872K, 2% used [0x00000000ebf00000,0x00000000ebf4f5d0,0x00000000ece80000)
  from space 2560K, 0% used [0x00000000ed100000,0x00000000ed100000,0x00000000ed380000)
  to   space 2560K, 0% used [0x00000000ece80000,0x00000000ece80000,0x00000000ed100000)
 ParOldGen       total 42496K, used 0K [0x00000000c3c00000, 0x00000000c6580000, 0x00000000ebf00000)
  object space 42496K, 0% used [0x00000000c3c00000,0x00000000c3c00000,0x00000000c6580000)
 Metaspace       used 743K, capacity 4480K, committed 4480K, reserved 1056768K
  class space    used 75K, capacity 384K, committed 384K, reserved 1048576K

Card table byte_map: [0x0000000011a20000,0x0000000011c10000] byte_map_base: 0x0000000011402000

Marking Bits: (ParMarkBitMap*) 0x000000005d6ba5b0
 Begin Bits: [0x0000000012160000, 0x0000000013070000)
 End Bits:   [0x0000000013070000, 0x0000000013f80000)

Polling page: 0x00000000001f0000

CodeCache: size=245760Kb used=328Kb max_used=328Kb free=245431Kb
 bounds [0x0000000002660000, 0x00000000028d0000, 0x0000000011660000]
 total_blobs=57 nmethods=0 adapters=37
 compilation: enabled

Compilation events (0 events):
No events

GC Heap History (0 events):
No events

Deoptimization events (0 events):
No events

Internal exceptions (0 events):
No events

Events (10 events):
Event: 0.041 loading class java/lang/Short
Event: 0.041 loading class java/lang/Short done
Event: 0.041 loading class java/lang/Integer
Event: 0.041 loading class java/lang/Integer done
Event: 0.041 loading class java/lang/Long
Event: 0.041 loading class java/lang/Long done
Event: 0.042 loading class java/lang/NullPointerException
Event: 0.042 loading class java/lang/NullPointerException done
Event: 0.042 loading class java/lang/ArithmeticException
Event: 0.042 loading class java/lang/ArithmeticException done


Dynamic libraries:
0x00007ff74ca00000 - 0x00007ff74ca37000 	C:\Program Files\Java\jre1.8.0_66\bin\javaw.exe
0x00007ff980b80000 - 0x00007ff980d41000 	C:\WINDOWS\SYSTEM32\ntdll.dll
0x00007ff97f5f0000 - 0x00007ff97f69d000 	C:\WINDOWS\system32\KERNEL32.DLL
0x00007ff97db50000 - 0x00007ff97dd38000 	C:\WINDOWS\system32\KERNELBASE.dll
0x00007ff97df80000 - 0x00007ff97e027000 	C:\WINDOWS\system32\ADVAPI32.dll
0x00007ff980250000 - 0x00007ff9802ed000 	C:\WINDOWS\system32\msvcrt.dll
0x00007ff97fd50000 - 0x00007ff97fdab000 	C:\WINDOWS\system32\sechost.dll
0x00007ff980a60000 - 0x00007ff980b7c000 	C:\WINDOWS\system32\RPCRT4.dll
0x00007ff97faa0000 - 0x00007ff97fbf6000 	C:\WINDOWS\system32\USER32.dll
0x00007ff980030000 - 0x00007ff9801b6000 	C:\WINDOWS\system32\GDI32.dll
0x00007ff972500000 - 0x00007ff972774000 	C:\WINDOWS\WinSxS\amd64_microsoft.windows.common-controls_6595b64144ccf1df_6.0.10586.0_none_8c15ae12515e1c22\COMCTL32.dll
0x00007ff97f6a0000 - 0x00007ff97f91d000 	C:\WINDOWS\system32\combase.dll
0x00007ff97df10000 - 0x00007ff97df7a000 	C:\WINDOWS\system32\bcryptPrimitives.dll
0x00007ff97ffe0000 - 0x00007ff98001b000 	C:\WINDOWS\system32\IMM32.DLL
0x000000005cdd0000 - 0x000000005cea2000 	C:\Program Files\Java\jre1.8.0_66\bin\msvcr100.dll
0x000000005ceb0000 - 0x000000005d739000 	C:\Program Files\Java\jre1.8.0_66\bin\server\jvm.dll
0x00007ff980240000 - 0x00007ff980248000 	C:\WINDOWS\system32\PSAPI.DLL
0x00007ff978190000 - 0x00007ff978199000 	C:\WINDOWS\SYSTEM32\WSOCK32.dll
0x00007ff97fa30000 - 0x00007ff97fa9b000 	C:\WINDOWS\system32\WS2_32.dll
0x00007ff97b3f0000 - 0x00007ff97b413000 	C:\WINDOWS\SYSTEM32\WINMM.dll
0x00007ff972a40000 - 0x00007ff972a4a000 	C:\WINDOWS\SYSTEM32\VERSION.dll
0x00007ff97b3c0000 - 0x00007ff97b3ec000 	C:\WINDOWS\SYSTEM32\WINMMBASE.dll
0x00007ff97d880000 - 0x00007ff97d8c3000 	C:\WINDOWS\system32\cfgmgr32.dll
0x000000005dcb0000 - 0x000000005dcbf000 	C:\Program Files\Java\jre1.8.0_66\bin\verify.dll
0x000000005dc80000 - 0x000000005dca9000 	C:\Program Files\Java\jre1.8.0_66\bin\java.dll
0x000000005dc60000 - 0x000000005dc76000 	C:\Program Files\Java\jre1.8.0_66\bin\zip.dll

VM Arguments:
jvm_args: -Dfile.encoding=GBK 
java_command: com.yuyang.he.spring2015.recitaion2.TestMain
java_class_path (initial): E:\Projects\Java\CS211-Recitation\bin
Launcher Type: SUN_STANDARD

Environment Variables:
JAVA_HOME=C:\Program Files\Java\jdk1.8.0_66
CLASSPATH=C:\Program Files\Java\jdk1.8.0_66\lib\tools.jar;C:\Program Files\Java\jdk1.8.0_66\lib\dt.jar
PATH=C:/Program Files/Java/jre1.8.0_66/bin/server;C:/Program Files/Java/jre1.8.0_66/bin;C:/Program Files/Java/jre1.8.0_66/lib/amd64;C:\ProgramData\Oracle\Java\javapath;C:\WINDOWS\system32;C:\WINDOWS;C:\WINDOWS\System32\Wbem;C:\WINDOWS\System32\WindowsPowerShell\v1.0\;C:\Program Files\Microsoft SQL Server\110\Tools\Binn\;;D:\SDK\MinGW\bin;D:\Green Version\eclipse;
USERNAME=YuyangHE
OS=Windows_NT
PROCESSOR_IDENTIFIER=Intel64 Family 6 Model 58 Stepping 9, GenuineIntel



---------------  S Y S T E M  ---------------

OS: Windows 10.0 , 64 bit Build 10586 (10.0.10586.0)

CPU:total 4 (2 cores per cpu, 2 threads per core) family 6 model 58 stepping 9, cmov, cx8, fxsr, mmx, sse, sse2, sse3, ssse3, sse4.1, sse4.2, popcnt, avx, aes, clmul, erms, ht, tsc, tscinvbit, tscinv

Memory: 4k page, physical 3946720k(1209920k free), swap 4995296k(6400k free)

vm_info: Java HotSpot(TM) 64-Bit Server VM (25.66-b18) for windows-amd64 JRE (1.8.0_66-b18), built on Nov  9 2015 10:51:13 by "java_re" with MS VC++ 10.0 (VS2010)

time: Mon Feb 01 23:03:39 2016
elapsed time: 0 seconds (0d 0h 0m 0s)

